<?xml version="1.0" encoding="UTF-8"?>
<testsuite xmlns:xsi="http://www.w3.org/2001/XMLSchema-instance" xsi:noNamespaceSchemaLocation="https://maven.apache.org/surefire/maven-surefire-plugin/xsd/surefire-test-report-3.0.xsd" version="3.0" name="com.backtrader.BackTraderApplicationTests" time="19" tests="1" errors="0" skipped="0" failures="0">
  <properties>
    <property name="java.specification.version" value="17"/>
    <property name="sun.cpu.isalist" value="amd64"/>
    <property name="sun.jnu.encoding" value="Cp1252"/>
    <property name="java.class.path" value="D:\BackTrader\backTrader\target\test-classes;D:\BackTrader\backTrader\target\classes;C:\Users\anilkumar.hugar\.m2\repository\org\springframework\boot\spring-boot-starter-data-jpa\3.1.0\spring-boot-starter-data-jpa-3.1.0.jar;C:\Users\anilkumar.hugar\.m2\repository\org\springframework\boot\spring-boot-starter-aop\3.1.0\spring-boot-starter-aop-3.1.0.jar;C:\Users\anilkumar.hugar\.m2\repository\org\aspectj\aspectjweaver\1.9.19\aspectjweaver-1.9.19.jar;C:\Users\anilkumar.hugar\.m2\repository\org\springframework\boot\spring-boot-starter-jdbc\3.1.0\spring-boot-starter-jdbc-3.1.0.jar;C:\Users\anilkumar.hugar\.m2\repository\com\zaxxer\HikariCP\5.0.1\HikariCP-5.0.1.jar;C:\Users\anilkumar.hugar\.m2\repository\org\springframework\spring-jdbc\6.0.9\spring-jdbc-6.0.9.jar;C:\Users\anilkumar.hugar\.m2\repository\org\hibernate\orm\hibernate-core\6.2.2.Final\hibernate-core-6.2.2.Final.jar;C:\Users\anilkumar.hugar\.m2\repository\jakarta\persistence\jakarta.persistence-api\3.1.0\jakarta.persistence-api-3.1.0.jar;C:\Users\anilkumar.hugar\.m2\repository\jakarta\transaction\jakarta.transaction-api\2.0.1\jakarta.transaction-api-2.0.1.jar;C:\Users\anilkumar.hugar\.m2\repository\org\jboss\logging\jboss-logging\3.5.0.Final\jboss-logging-3.5.0.Final.jar;C:\Users\anilkumar.hugar\.m2\repository\org\hibernate\common\hibernate-commons-annotations\6.0.6.Final\hibernate-commons-annotations-6.0.6.Final.jar;C:\Users\anilkumar.hugar\.m2\repository\io\smallrye\jandex\3.0.5\jandex-3.0.5.jar;C:\Users\anilkumar.hugar\.m2\repository\com\fasterxml\classmate\1.5.1\classmate-1.5.1.jar;C:\Users\anilkumar.hugar\.m2\repository\net\bytebuddy\byte-buddy\1.14.4\byte-buddy-1.14.4.jar;C:\Users\anilkumar.hugar\.m2\repository\org\glassfish\jaxb\jaxb-runtime\4.0.2\jaxb-runtime-4.0.2.jar;C:\Users\anilkumar.hugar\.m2\repository\org\glassfish\jaxb\jaxb-core\4.0.2\jaxb-core-4.0.2.jar;C:\Users\anilkumar.hugar\.m2\repository\org\glassfish\jaxb\txw2\4.0.2\txw2-4.0.2.jar;C:\Users\anilkumar.hugar\.m2\repository\com\sun\istack\istack-commons-runtime\4.1.1\istack-commons-runtime-4.1.1.jar;C:\Users\anilkumar.hugar\.m2\repository\jakarta\inject\jakarta.inject-api\2.0.1\jakarta.inject-api-2.0.1.jar;C:\Users\anilkumar.hugar\.m2\repository\org\antlr\antlr4-runtime\4.10.1\antlr4-runtime-4.10.1.jar;C:\Users\anilkumar.hugar\.m2\repository\org\springframework\data\spring-data-jpa\3.1.0\spring-data-jpa-3.1.0.jar;C:\Users\anilkumar.hugar\.m2\repository\org\springframework\data\spring-data-commons\3.1.0\spring-data-commons-3.1.0.jar;C:\Users\anilkumar.hugar\.m2\repository\org\springframework\spring-orm\6.0.9\spring-orm-6.0.9.jar;C:\Users\anilkumar.hugar\.m2\repository\org\springframework\spring-context\6.0.9\spring-context-6.0.9.jar;C:\Users\anilkumar.hugar\.m2\repository\org\springframework\spring-tx\6.0.9\spring-tx-6.0.9.jar;C:\Users\anilkumar.hugar\.m2\repository\org\springframework\spring-beans\6.0.9\spring-beans-6.0.9.jar;C:\Users\anilkumar.hugar\.m2\repository\jakarta\annotation\jakarta.annotation-api\2.1.1\jakarta.annotation-api-2.1.1.jar;C:\Users\anilkumar.hugar\.m2\repository\org\springframework\spring-aspects\6.0.9\spring-aspects-6.0.9.jar;C:\Users\anilkumar.hugar\.m2\repository\org\springframework\boot\spring-boot-starter-web\3.1.0\spring-boot-starter-web-3.1.0.jar;C:\Users\anilkumar.hugar\.m2\repository\org\springframework\boot\spring-boot-starter\3.1.0\spring-boot-starter-3.1.0.jar;C:\Users\anilkumar.hugar\.m2\repository\org\springframework\boot\spring-boot-starter-logging\3.1.0\spring-boot-starter-logging-3.1.0.jar;C:\Users\anilkumar.hugar\.m2\repository\ch\qos\logback\logback-classic\1.4.7\logback-classic-1.4.7.jar;C:\Users\anilkumar.hugar\.m2\repository\ch\qos\logback\logback-core\1.4.7\logback-core-1.4.7.jar;C:\Users\anilkumar.hugar\.m2\repository\org\apache\logging\log4j\log4j-to-slf4j\2.20.0\log4j-to-slf4j-2.20.0.jar;C:\Users\anilkumar.hugar\.m2\repository\org\apache\logging\log4j\log4j-api\2.20.0\log4j-api-2.20.0.jar;C:\Users\anilkumar.hugar\.m2\repository\org\slf4j\jul-to-slf4j\2.0.7\jul-to-slf4j-2.0.7.jar;C:\Users\anilkumar.hugar\.m2\repository\org\yaml\snakeyaml\1.33\snakeyaml-1.33.jar;C:\Users\anilkumar.hugar\.m2\repository\org\springframework\boot\spring-boot-starter-json\3.1.0\spring-boot-starter-json-3.1.0.jar;C:\Users\anilkumar.hugar\.m2\repository\com\fasterxml\jackson\datatype\jackson-datatype-jdk8\2.15.0\jackson-datatype-jdk8-2.15.0.jar;C:\Users\anilkumar.hugar\.m2\repository\com\fasterxml\jackson\datatype\jackson-datatype-jsr310\2.15.0\jackson-datatype-jsr310-2.15.0.jar;C:\Users\anilkumar.hugar\.m2\repository\com\fasterxml\jackson\module\jackson-module-parameter-names\2.15.0\jackson-module-parameter-names-2.15.0.jar;C:\Users\anilkumar.hugar\.m2\repository\org\springframework\boot\spring-boot-starter-tomcat\3.1.0\spring-boot-starter-tomcat-3.1.0.jar;C:\Users\anilkumar.hugar\.m2\repository\org\apache\tomcat\embed\tomcat-embed-core\10.1.8\tomcat-embed-core-10.1.8.jar;C:\Users\anilkumar.hugar\.m2\repository\org\apache\tomcat\embed\tomcat-embed-websocket\10.1.8\tomcat-embed-websocket-10.1.8.jar;C:\Users\anilkumar.hugar\.m2\repository\org\springframework\spring-web\6.0.9\spring-web-6.0.9.jar;C:\Users\anilkumar.hugar\.m2\repository\io\micrometer\micrometer-observation\1.11.0\micrometer-observation-1.11.0.jar;C:\Users\anilkumar.hugar\.m2\repository\io\micrometer\micrometer-commons\1.11.0\micrometer-commons-1.11.0.jar;C:\Users\anilkumar.hugar\.m2\repository\org\springframework\spring-webmvc\6.0.9\spring-webmvc-6.0.9.jar;C:\Users\anilkumar.hugar\.m2\repository\org\springframework\spring-expression\6.0.9\spring-expression-6.0.9.jar;C:\Users\anilkumar.hugar\.m2\repository\org\springframework\boot\spring-boot-starter-validation\3.1.0\spring-boot-starter-validation-3.1.0.jar;C:\Users\anilkumar.hugar\.m2\repository\org\apache\tomcat\embed\tomcat-embed-el\10.1.8\tomcat-embed-el-10.1.8.jar;C:\Users\anilkumar.hugar\.m2\repository\org\hibernate\validator\hibernate-validator\8.0.0.Final\hibernate-validator-8.0.0.Final.jar;C:\Users\anilkumar.hugar\.m2\repository\jakarta\validation\jakarta.validation-api\3.0.2\jakarta.validation-api-3.0.2.jar;C:\Users\anilkumar.hugar\.m2\repository\org\springframework\boot\spring-boot-starter-security\3.1.0\spring-boot-starter-security-3.1.0.jar;C:\Users\anilkumar.hugar\.m2\repository\org\springframework\spring-aop\6.0.9\spring-aop-6.0.9.jar;C:\Users\anilkumar.hugar\.m2\repository\org\springframework\security\spring-security-config\6.1.0\spring-security-config-6.1.0.jar;C:\Users\anilkumar.hugar\.m2\repository\org\springframework\security\spring-security-core\6.1.0\spring-security-core-6.1.0.jar;C:\Users\anilkumar.hugar\.m2\repository\org\springframework\security\spring-security-crypto\6.1.0\spring-security-crypto-6.1.0.jar;C:\Users\anilkumar.hugar\.m2\repository\org\springframework\security\spring-security-web\6.1.0\spring-security-web-6.1.0.jar;C:\Users\anilkumar.hugar\.m2\repository\org\springframework\boot\spring-boot-devtools\3.1.0\spring-boot-devtools-3.1.0.jar;C:\Users\anilkumar.hugar\.m2\repository\org\springframework\boot\spring-boot\3.1.0\spring-boot-3.1.0.jar;C:\Users\anilkumar.hugar\.m2\repository\org\springframework\boot\spring-boot-autoconfigure\3.1.0\spring-boot-autoconfigure-3.1.0.jar;C:\Users\anilkumar.hugar\.m2\repository\org\postgresql\postgresql\42.6.0\postgresql-42.6.0.jar;C:\Users\anilkumar.hugar\.m2\repository\org\checkerframework\checker-qual\3.31.0\checker-qual-3.31.0.jar;C:\Users\anilkumar.hugar\.m2\repository\org\springframework\boot\spring-boot-starter-mail\3.1.0\spring-boot-starter-mail-3.1.0.jar;C:\Users\anilkumar.hugar\.m2\repository\org\springframework\spring-context-support\6.0.9\spring-context-support-6.0.9.jar;C:\Users\anilkumar.hugar\.m2\repository\org\eclipse\angus\jakarta.mail\1.1.0\jakarta.mail-1.1.0.jar;C:\Users\anilkumar.hugar\.m2\repository\org\eclipse\angus\angus-activation\2.0.0\angus-activation-2.0.0.jar;C:\Users\anilkumar.hugar\.m2\repository\org\projectlombok\lombok\1.18.26\lombok-1.18.26.jar;C:\Users\anilkumar.hugar\.m2\repository\org\springframework\boot\spring-boot-starter-test\3.1.0\spring-boot-starter-test-3.1.0.jar;C:\Users\anilkumar.hugar\.m2\repository\org\springframework\boot\spring-boot-test\3.1.0\spring-boot-test-3.1.0.jar;C:\Users\anilkumar.hugar\.m2\repository\org\springframework\boot\spring-boot-test-autoconfigure\3.1.0\spring-boot-test-autoconfigure-3.1.0.jar;C:\Users\anilkumar.hugar\.m2\repository\com\jayway\jsonpath\json-path\2.8.0\json-path-2.8.0.jar;C:\Users\anilkumar.hugar\.m2\repository\jakarta\xml\bind\jakarta.xml.bind-api\4.0.0\jakarta.xml.bind-api-4.0.0.jar;C:\Users\anilkumar.hugar\.m2\repository\net\minidev\json-smart\2.4.10\json-smart-2.4.10.jar;C:\Users\anilkumar.hugar\.m2\repository\net\minidev\accessors-smart\2.4.9\accessors-smart-2.4.9.jar;C:\Users\anilkumar.hugar\.m2\repository\org\ow2\asm\asm\9.3\asm-9.3.jar;C:\Users\anilkumar.hugar\.m2\repository\org\assertj\assertj-core\3.24.2\assertj-core-3.24.2.jar;C:\Users\anilkumar.hugar\.m2\repository\org\hamcrest\hamcrest\2.2\hamcrest-2.2.jar;C:\Users\anilkumar.hugar\.m2\repository\org\junit\jupiter\junit-jupiter\5.9.3\junit-jupiter-5.9.3.jar;C:\Users\anilkumar.hugar\.m2\repository\org\junit\jupiter\junit-jupiter-api\5.9.3\junit-jupiter-api-5.9.3.jar;C:\Users\anilkumar.hugar\.m2\repository\org\opentest4j\opentest4j\1.2.0\opentest4j-1.2.0.jar;C:\Users\anilkumar.hugar\.m2\repository\org\junit\platform\junit-platform-commons\1.9.3\junit-platform-commons-1.9.3.jar;C:\Users\anilkumar.hugar\.m2\repository\org\apiguardian\apiguardian-api\1.1.2\apiguardian-api-1.1.2.jar;C:\Users\anilkumar.hugar\.m2\repository\org\junit\jupiter\junit-jupiter-params\5.9.3\junit-jupiter-params-5.9.3.jar;C:\Users\anilkumar.hugar\.m2\repository\org\junit\jupiter\junit-jupiter-engine\5.9.3\junit-jupiter-engine-5.9.3.jar;C:\Users\anilkumar.hugar\.m2\repository\org\junit\platform\junit-platform-engine\1.9.3\junit-platform-engine-1.9.3.jar;C:\Users\anilkumar.hugar\.m2\repository\org\mockito\mockito-core\5.3.1\mockito-core-5.3.1.jar;C:\Users\anilkumar.hugar\.m2\repository\net\bytebuddy\byte-buddy-agent\1.14.4\byte-buddy-agent-1.14.4.jar;C:\Users\anilkumar.hugar\.m2\repository\org\objenesis\objenesis\3.3\objenesis-3.3.jar;C:\Users\anilkumar.hugar\.m2\repository\org\mockito\mockito-junit-jupiter\5.3.1\mockito-junit-jupiter-5.3.1.jar;C:\Users\anilkumar.hugar\.m2\repository\org\skyscreamer\jsonassert\1.5.1\jsonassert-1.5.1.jar;C:\Users\anilkumar.hugar\.m2\repository\com\vaadin\external\google\android-json\0.0.20131108.vaadin1\android-json-0.0.20131108.vaadin1.jar;C:\Users\anilkumar.hugar\.m2\repository\org\springframework\spring-core\6.0.9\spring-core-6.0.9.jar;C:\Users\anilkumar.hugar\.m2\repository\org\springframework\spring-jcl\6.0.9\spring-jcl-6.0.9.jar;C:\Users\anilkumar.hugar\.m2\repository\org\springframework\spring-test\6.0.9\spring-test-6.0.9.jar;C:\Users\anilkumar.hugar\.m2\repository\org\xmlunit\xmlunit-core\2.9.1\xmlunit-core-2.9.1.jar;C:\Users\anilkumar.hugar\.m2\repository\org\springdoc\springdoc-openapi-starter-webmvc-ui\2.0.2\springdoc-openapi-starter-webmvc-ui-2.0.2.jar;C:\Users\anilkumar.hugar\.m2\repository\org\springdoc\springdoc-openapi-starter-webmvc-api\2.0.2\springdoc-openapi-starter-webmvc-api-2.0.2.jar;C:\Users\anilkumar.hugar\.m2\repository\org\springdoc\springdoc-openapi-starter-common\2.0.2\springdoc-openapi-starter-common-2.0.2.jar;C:\Users\anilkumar.hugar\.m2\repository\io\swagger\core\v3\swagger-core-jakarta\2.2.7\swagger-core-jakarta-2.2.7.jar;C:\Users\anilkumar.hugar\.m2\repository\org\apache\commons\commons-lang3\3.12.0\commons-lang3-3.12.0.jar;C:\Users\anilkumar.hugar\.m2\repository\io\swagger\core\v3\swagger-annotations-jakarta\2.2.7\swagger-annotations-jakarta-2.2.7.jar;C:\Users\anilkumar.hugar\.m2\repository\io\swagger\core\v3\swagger-models-jakarta\2.2.7\swagger-models-jakarta-2.2.7.jar;C:\Users\anilkumar.hugar\.m2\repository\com\fasterxml\jackson\dataformat\jackson-dataformat-yaml\2.15.0\jackson-dataformat-yaml-2.15.0.jar;C:\Users\anilkumar.hugar\.m2\repository\org\webjars\swagger-ui\4.15.5\swagger-ui-4.15.5.jar;C:\Users\anilkumar.hugar\.m2\repository\org\webjars\webjars-locator-core\0.52\webjars-locator-core-0.52.jar;C:\Users\anilkumar.hugar\.m2\repository\io\github\classgraph\classgraph\4.8.149\classgraph-4.8.149.jar;C:\Users\anilkumar.hugar\.m2\repository\com\github\java-json-tools\json-patch\1.12\json-patch-1.12.jar;C:\Users\anilkumar.hugar\.m2\repository\com\google\guava\guava\28.2-android\guava-28.2-android.jar;C:\Users\anilkumar.hugar\.m2\repository\com\google\guava\failureaccess\1.0.1\failureaccess-1.0.1.jar;C:\Users\anilkumar.hugar\.m2\repository\com\google\guava\listenablefuture\9999.0-empty-to-avoid-conflict-with-guava\listenablefuture-9999.0-empty-to-avoid-conflict-with-guava.jar;C:\Users\anilkumar.hugar\.m2\repository\com\google\code\findbugs\jsr305\3.0.2\jsr305-3.0.2.jar;C:\Users\anilkumar.hugar\.m2\repository\org\checkerframework\checker-compat-qual\2.5.5\checker-compat-qual-2.5.5.jar;C:\Users\anilkumar.hugar\.m2\repository\com\google\errorprone\error_prone_annotations\2.3.4\error_prone_annotations-2.3.4.jar;C:\Users\anilkumar.hugar\.m2\repository\com\google\j2objc\j2objc-annotations\1.3\j2objc-annotations-1.3.jar;C:\Users\anilkumar.hugar\.m2\repository\com\github\java-json-tools\msg-simple\1.2\msg-simple-1.2.jar;C:\Users\anilkumar.hugar\.m2\repository\com\github\java-json-tools\btf\1.3\btf-1.3.jar;C:\Users\anilkumar.hugar\.m2\repository\com\github\java-json-tools\jackson-coreutils\1.12\jackson-coreutils-1.12.jar;C:\Users\anilkumar.hugar\.m2\repository\io\jsonwebtoken\jjwt\0.9.1\jjwt-0.9.1.jar;C:\Users\anilkumar.hugar\.m2\repository\io\jsonwebtoken\jjwt-impl\0.11.5\jjwt-impl-0.11.5.jar;C:\Users\anilkumar.hugar\.m2\repository\io\jsonwebtoken\jjwt-api\0.11.5\jjwt-api-0.11.5.jar;C:\Users\anilkumar.hugar\.m2\repository\io\jsonwebtoken\jjwt-jackson\0.11.5\jjwt-jackson-0.11.5.jar;C:\Users\anilkumar.hugar\.m2\repository\javax\xml\bind\jaxb-api\2.3.0\jaxb-api-2.3.0.jar;C:\Users\anilkumar.hugar\.m2\repository\com\fasterxml\jackson\core\jackson-databind\2.15.0\jackson-databind-2.15.0.jar;C:\Users\anilkumar.hugar\.m2\repository\com\fasterxml\jackson\core\jackson-annotations\2.15.0\jackson-annotations-2.15.0.jar;C:\Users\anilkumar.hugar\.m2\repository\com\fasterxml\jackson\core\jackson-core\2.15.0\jackson-core-2.15.0.jar;C:\Users\anilkumar.hugar\.m2\repository\jakarta\mail\jakarta.mail-api\2.1.1\jakarta.mail-api-2.1.1.jar;C:\Users\anilkumar.hugar\.m2\repository\jakarta\activation\jakarta.activation-api\2.1.2\jakarta.activation-api-2.1.2.jar;C:\Users\anilkumar.hugar\.m2\repository\com\h2database\h2\2.1.214\h2-2.1.214.jar;C:\Users\anilkumar.hugar\.m2\repository\org\apache\httpcomponents\httpclient\4.0\httpclient-4.0.jar;C:\Users\anilkumar.hugar\.m2\repository\org\apache\httpcomponents\httpcore\4.4.16\httpcore-4.4.16.jar;C:\Users\anilkumar.hugar\.m2\repository\commons-logging\commons-logging\1.1.1\commons-logging-1.1.1.jar;C:\Users\anilkumar.hugar\.m2\repository\commons-codec\commons-codec\1.15\commons-codec-1.15.jar;C:\Users\anilkumar.hugar\.m2\repository\com\google\code\gson\gson\2.10.1\gson-2.10.1.jar;C:\Users\anilkumar.hugar\.m2\repository\javax\json\javax.json-api\1.1.4\javax.json-api-1.1.4.jar;C:\Users\anilkumar.hugar\.m2\repository\org\glassfish\javax.json\1.1.4\javax.json-1.1.4.jar;C:\Users\anilkumar.hugar\.m2\repository\org\slf4j\slf4j-api\2.0.7\slf4j-api-2.0.7.jar;C:\Users\anilkumar.hugar\.m2\repository\org\json\json\20230618\json-20230618.jar;"/>
    <property name="LOGBACK_ROLLINGPOLICY_MAX_FILE_SIZE" value="10485760"/>
    <property name="java.vm.vendor" value="Eclipse Adoptium"/>
    <property name="LOG_PATH" value="D:/springApp.log"/>
    <property name="sun.arch.data.model" value="64"/>
    <property name="user.variant" value=""/>
    <property name="java.vendor.url" value="https://adoptium.net/"/>
    <property name="user.timezone" value="Asia/Calcutta"/>
    <property name="org.jboss.logging.provider" value="slf4j"/>
    <property name="os.name" value="Windows 10"/>
    <property name="java.vm.specification.version" value="17"/>
    <property name="sun.java.launcher" value="SUN_STANDARD"/>
    <property name="user.country" value="US"/>
    <property name="sun.boot.library.path" value="C:\Users\anilkumar.hugar\Downloads\sts-4.18.1.RELEASE\plugins\org.eclipse.justj.openjdk.hotspot.jre.full.win32.x86_64_17.0.7.v20230425-1502\jre\bin"/>
    <property name="sun.java.command" value="C:\Users\anilkumar.hugar\AppData\Local\Temp\surefire7567417272469911926\surefirebooter-20230802141354366_3.jar C:\Users\anilkumar.hugar\AppData\Local\Temp\surefire7567417272469911926 2023-08-02T14-13-54_086-jvmRun1 surefire-20230802141354366_1tmp surefire_0-20230802141354366_2tmp"/>
    <property name="jdk.debug" value="release"/>
    <property name="surefire.test.class.path" value="D:\BackTrader\backTrader\target\test-classes;D:\BackTrader\backTrader\target\classes;C:\Users\anilkumar.hugar\.m2\repository\org\springframework\boot\spring-boot-starter-data-jpa\3.1.0\spring-boot-starter-data-jpa-3.1.0.jar;C:\Users\anilkumar.hugar\.m2\repository\org\springframework\boot\spring-boot-starter-aop\3.1.0\spring-boot-starter-aop-3.1.0.jar;C:\Users\anilkumar.hugar\.m2\repository\org\aspectj\aspectjweaver\1.9.19\aspectjweaver-1.9.19.jar;C:\Users\anilkumar.hugar\.m2\repository\org\springframework\boot\spring-boot-starter-jdbc\3.1.0\spring-boot-starter-jdbc-3.1.0.jar;C:\Users\anilkumar.hugar\.m2\repository\com\zaxxer\HikariCP\5.0.1\HikariCP-5.0.1.jar;C:\Users\anilkumar.hugar\.m2\repository\org\springframework\spring-jdbc\6.0.9\spring-jdbc-6.0.9.jar;C:\Users\anilkumar.hugar\.m2\repository\org\hibernate\orm\hibernate-core\6.2.2.Final\hibernate-core-6.2.2.Final.jar;C:\Users\anilkumar.hugar\.m2\repository\jakarta\persistence\jakarta.persistence-api\3.1.0\jakarta.persistence-api-3.1.0.jar;C:\Users\anilkumar.hugar\.m2\repository\jakarta\transaction\jakarta.transaction-api\2.0.1\jakarta.transaction-api-2.0.1.jar;C:\Users\anilkumar.hugar\.m2\repository\org\jboss\logging\jboss-logging\3.5.0.Final\jboss-logging-3.5.0.Final.jar;C:\Users\anilkumar.hugar\.m2\repository\org\hibernate\common\hibernate-commons-annotations\6.0.6.Final\hibernate-commons-annotations-6.0.6.Final.jar;C:\Users\anilkumar.hugar\.m2\repository\io\smallrye\jandex\3.0.5\jandex-3.0.5.jar;C:\Users\anilkumar.hugar\.m2\repository\com\fasterxml\classmate\1.5.1\classmate-1.5.1.jar;C:\Users\anilkumar.hugar\.m2\repository\net\bytebuddy\byte-buddy\1.14.4\byte-buddy-1.14.4.jar;C:\Users\anilkumar.hugar\.m2\repository\org\glassfish\jaxb\jaxb-runtime\4.0.2\jaxb-runtime-4.0.2.jar;C:\Users\anilkumar.hugar\.m2\repository\org\glassfish\jaxb\jaxb-core\4.0.2\jaxb-core-4.0.2.jar;C:\Users\anilkumar.hugar\.m2\repository\org\glassfish\jaxb\txw2\4.0.2\txw2-4.0.2.jar;C:\Users\anilkumar.hugar\.m2\repository\com\sun\istack\istack-commons-runtime\4.1.1\istack-commons-runtime-4.1.1.jar;C:\Users\anilkumar.hugar\.m2\repository\jakarta\inject\jakarta.inject-api\2.0.1\jakarta.inject-api-2.0.1.jar;C:\Users\anilkumar.hugar\.m2\repository\org\antlr\antlr4-runtime\4.10.1\antlr4-runtime-4.10.1.jar;C:\Users\anilkumar.hugar\.m2\repository\org\springframework\data\spring-data-jpa\3.1.0\spring-data-jpa-3.1.0.jar;C:\Users\anilkumar.hugar\.m2\repository\org\springframework\data\spring-data-commons\3.1.0\spring-data-commons-3.1.0.jar;C:\Users\anilkumar.hugar\.m2\repository\org\springframework\spring-orm\6.0.9\spring-orm-6.0.9.jar;C:\Users\anilkumar.hugar\.m2\repository\org\springframework\spring-context\6.0.9\spring-context-6.0.9.jar;C:\Users\anilkumar.hugar\.m2\repository\org\springframework\spring-tx\6.0.9\spring-tx-6.0.9.jar;C:\Users\anilkumar.hugar\.m2\repository\org\springframework\spring-beans\6.0.9\spring-beans-6.0.9.jar;C:\Users\anilkumar.hugar\.m2\repository\jakarta\annotation\jakarta.annotation-api\2.1.1\jakarta.annotation-api-2.1.1.jar;C:\Users\anilkumar.hugar\.m2\repository\org\springframework\spring-aspects\6.0.9\spring-aspects-6.0.9.jar;C:\Users\anilkumar.hugar\.m2\repository\org\springframework\boot\spring-boot-starter-web\3.1.0\spring-boot-starter-web-3.1.0.jar;C:\Users\anilkumar.hugar\.m2\repository\org\springframework\boot\spring-boot-starter\3.1.0\spring-boot-starter-3.1.0.jar;C:\Users\anilkumar.hugar\.m2\repository\org\springframework\boot\spring-boot-starter-logging\3.1.0\spring-boot-starter-logging-3.1.0.jar;C:\Users\anilkumar.hugar\.m2\repository\ch\qos\logback\logback-classic\1.4.7\logback-classic-1.4.7.jar;C:\Users\anilkumar.hugar\.m2\repository\ch\qos\logback\logback-core\1.4.7\logback-core-1.4.7.jar;C:\Users\anilkumar.hugar\.m2\repository\org\apache\logging\log4j\log4j-to-slf4j\2.20.0\log4j-to-slf4j-2.20.0.jar;C:\Users\anilkumar.hugar\.m2\repository\org\apache\logging\log4j\log4j-api\2.20.0\log4j-api-2.20.0.jar;C:\Users\anilkumar.hugar\.m2\repository\org\slf4j\jul-to-slf4j\2.0.7\jul-to-slf4j-2.0.7.jar;C:\Users\anilkumar.hugar\.m2\repository\org\yaml\snakeyaml\1.33\snakeyaml-1.33.jar;C:\Users\anilkumar.hugar\.m2\repository\org\springframework\boot\spring-boot-starter-json\3.1.0\spring-boot-starter-json-3.1.0.jar;C:\Users\anilkumar.hugar\.m2\repository\com\fasterxml\jackson\datatype\jackson-datatype-jdk8\2.15.0\jackson-datatype-jdk8-2.15.0.jar;C:\Users\anilkumar.hugar\.m2\repository\com\fasterxml\jackson\datatype\jackson-datatype-jsr310\2.15.0\jackson-datatype-jsr310-2.15.0.jar;C:\Users\anilkumar.hugar\.m2\repository\com\fasterxml\jackson\module\jackson-module-parameter-names\2.15.0\jackson-module-parameter-names-2.15.0.jar;C:\Users\anilkumar.hugar\.m2\repository\org\springframework\boot\spring-boot-starter-tomcat\3.1.0\spring-boot-starter-tomcat-3.1.0.jar;C:\Users\anilkumar.hugar\.m2\repository\org\apache\tomcat\embed\tomcat-embed-core\10.1.8\tomcat-embed-core-10.1.8.jar;C:\Users\anilkumar.hugar\.m2\repository\org\apache\tomcat\embed\tomcat-embed-websocket\10.1.8\tomcat-embed-websocket-10.1.8.jar;C:\Users\anilkumar.hugar\.m2\repository\org\springframework\spring-web\6.0.9\spring-web-6.0.9.jar;C:\Users\anilkumar.hugar\.m2\repository\io\micrometer\micrometer-observation\1.11.0\micrometer-observation-1.11.0.jar;C:\Users\anilkumar.hugar\.m2\repository\io\micrometer\micrometer-commons\1.11.0\micrometer-commons-1.11.0.jar;C:\Users\anilkumar.hugar\.m2\repository\org\springframework\spring-webmvc\6.0.9\spring-webmvc-6.0.9.jar;C:\Users\anilkumar.hugar\.m2\repository\org\springframework\spring-expression\6.0.9\spring-expression-6.0.9.jar;C:\Users\anilkumar.hugar\.m2\repository\org\springframework\boot\spring-boot-starter-validation\3.1.0\spring-boot-starter-validation-3.1.0.jar;C:\Users\anilkumar.hugar\.m2\repository\org\apache\tomcat\embed\tomcat-embed-el\10.1.8\tomcat-embed-el-10.1.8.jar;C:\Users\anilkumar.hugar\.m2\repository\org\hibernate\validator\hibernate-validator\8.0.0.Final\hibernate-validator-8.0.0.Final.jar;C:\Users\anilkumar.hugar\.m2\repository\jakarta\validation\jakarta.validation-api\3.0.2\jakarta.validation-api-3.0.2.jar;C:\Users\anilkumar.hugar\.m2\repository\org\springframework\boot\spring-boot-starter-security\3.1.0\spring-boot-starter-security-3.1.0.jar;C:\Users\anilkumar.hugar\.m2\repository\org\springframework\spring-aop\6.0.9\spring-aop-6.0.9.jar;C:\Users\anilkumar.hugar\.m2\repository\org\springframework\security\spring-security-config\6.1.0\spring-security-config-6.1.0.jar;C:\Users\anilkumar.hugar\.m2\repository\org\springframework\security\spring-security-core\6.1.0\spring-security-core-6.1.0.jar;C:\Users\anilkumar.hugar\.m2\repository\org\springframework\security\spring-security-crypto\6.1.0\spring-security-crypto-6.1.0.jar;C:\Users\anilkumar.hugar\.m2\repository\org\springframework\security\spring-security-web\6.1.0\spring-security-web-6.1.0.jar;C:\Users\anilkumar.hugar\.m2\repository\org\springframework\boot\spring-boot-devtools\3.1.0\spring-boot-devtools-3.1.0.jar;C:\Users\anilkumar.hugar\.m2\repository\org\springframework\boot\spring-boot\3.1.0\spring-boot-3.1.0.jar;C:\Users\anilkumar.hugar\.m2\repository\org\springframework\boot\spring-boot-autoconfigure\3.1.0\spring-boot-autoconfigure-3.1.0.jar;C:\Users\anilkumar.hugar\.m2\repository\org\postgresql\postgresql\42.6.0\postgresql-42.6.0.jar;C:\Users\anilkumar.hugar\.m2\repository\org\checkerframework\checker-qual\3.31.0\checker-qual-3.31.0.jar;C:\Users\anilkumar.hugar\.m2\repository\org\springframework\boot\spring-boot-starter-mail\3.1.0\spring-boot-starter-mail-3.1.0.jar;C:\Users\anilkumar.hugar\.m2\repository\org\springframework\spring-context-support\6.0.9\spring-context-support-6.0.9.jar;C:\Users\anilkumar.hugar\.m2\repository\org\eclipse\angus\jakarta.mail\1.1.0\jakarta.mail-1.1.0.jar;C:\Users\anilkumar.hugar\.m2\repository\org\eclipse\angus\angus-activation\2.0.0\angus-activation-2.0.0.jar;C:\Users\anilkumar.hugar\.m2\repository\org\projectlombok\lombok\1.18.26\lombok-1.18.26.jar;C:\Users\anilkumar.hugar\.m2\repository\org\springframework\boot\spring-boot-starter-test\3.1.0\spring-boot-starter-test-3.1.0.jar;C:\Users\anilkumar.hugar\.m2\repository\org\springframework\boot\spring-boot-test\3.1.0\spring-boot-test-3.1.0.jar;C:\Users\anilkumar.hugar\.m2\repository\org\springframework\boot\spring-boot-test-autoconfigure\3.1.0\spring-boot-test-autoconfigure-3.1.0.jar;C:\Users\anilkumar.hugar\.m2\repository\com\jayway\jsonpath\json-path\2.8.0\json-path-2.8.0.jar;C:\Users\anilkumar.hugar\.m2\repository\jakarta\xml\bind\jakarta.xml.bind-api\4.0.0\jakarta.xml.bind-api-4.0.0.jar;C:\Users\anilkumar.hugar\.m2\repository\net\minidev\json-smart\2.4.10\json-smart-2.4.10.jar;C:\Users\anilkumar.hugar\.m2\repository\net\minidev\accessors-smart\2.4.9\accessors-smart-2.4.9.jar;C:\Users\anilkumar.hugar\.m2\repository\org\ow2\asm\asm\9.3\asm-9.3.jar;C:\Users\anilkumar.hugar\.m2\repository\org\assertj\assertj-core\3.24.2\assertj-core-3.24.2.jar;C:\Users\anilkumar.hugar\.m2\repository\org\hamcrest\hamcrest\2.2\hamcrest-2.2.jar;C:\Users\anilkumar.hugar\.m2\repository\org\junit\jupiter\junit-jupiter\5.9.3\junit-jupiter-5.9.3.jar;C:\Users\anilkumar.hugar\.m2\repository\org\junit\jupiter\junit-jupiter-api\5.9.3\junit-jupiter-api-5.9.3.jar;C:\Users\anilkumar.hugar\.m2\repository\org\opentest4j\opentest4j\1.2.0\opentest4j-1.2.0.jar;C:\Users\anilkumar.hugar\.m2\repository\org\junit\platform\junit-platform-commons\1.9.3\junit-platform-commons-1.9.3.jar;C:\Users\anilkumar.hugar\.m2\repository\org\apiguardian\apiguardian-api\1.1.2\apiguardian-api-1.1.2.jar;C:\Users\anilkumar.hugar\.m2\repository\org\junit\jupiter\junit-jupiter-params\5.9.3\junit-jupiter-params-5.9.3.jar;C:\Users\anilkumar.hugar\.m2\repository\org\junit\jupiter\junit-jupiter-engine\5.9.3\junit-jupiter-engine-5.9.3.jar;C:\Users\anilkumar.hugar\.m2\repository\org\junit\platform\junit-platform-engine\1.9.3\junit-platform-engine-1.9.3.jar;C:\Users\anilkumar.hugar\.m2\repository\org\mockito\mockito-core\5.3.1\mockito-core-5.3.1.jar;C:\Users\anilkumar.hugar\.m2\repository\net\bytebuddy\byte-buddy-agent\1.14.4\byte-buddy-agent-1.14.4.jar;C:\Users\anilkumar.hugar\.m2\repository\org\objenesis\objenesis\3.3\objenesis-3.3.jar;C:\Users\anilkumar.hugar\.m2\repository\org\mockito\mockito-junit-jupiter\5.3.1\mockito-junit-jupiter-5.3.1.jar;C:\Users\anilkumar.hugar\.m2\repository\org\skyscreamer\jsonassert\1.5.1\jsonassert-1.5.1.jar;C:\Users\anilkumar.hugar\.m2\repository\com\vaadin\external\google\android-json\0.0.20131108.vaadin1\android-json-0.0.20131108.vaadin1.jar;C:\Users\anilkumar.hugar\.m2\repository\org\springframework\spring-core\6.0.9\spring-core-6.0.9.jar;C:\Users\anilkumar.hugar\.m2\repository\org\springframework\spring-jcl\6.0.9\spring-jcl-6.0.9.jar;C:\Users\anilkumar.hugar\.m2\repository\org\springframework\spring-test\6.0.9\spring-test-6.0.9.jar;C:\Users\anilkumar.hugar\.m2\repository\org\xmlunit\xmlunit-core\2.9.1\xmlunit-core-2.9.1.jar;C:\Users\anilkumar.hugar\.m2\repository\org\springdoc\springdoc-openapi-starter-webmvc-ui\2.0.2\springdoc-openapi-starter-webmvc-ui-2.0.2.jar;C:\Users\anilkumar.hugar\.m2\repository\org\springdoc\springdoc-openapi-starter-webmvc-api\2.0.2\springdoc-openapi-starter-webmvc-api-2.0.2.jar;C:\Users\anilkumar.hugar\.m2\repository\org\springdoc\springdoc-openapi-starter-common\2.0.2\springdoc-openapi-starter-common-2.0.2.jar;C:\Users\anilkumar.hugar\.m2\repository\io\swagger\core\v3\swagger-core-jakarta\2.2.7\swagger-core-jakarta-2.2.7.jar;C:\Users\anilkumar.hugar\.m2\repository\org\apache\commons\commons-lang3\3.12.0\commons-lang3-3.12.0.jar;C:\Users\anilkumar.hugar\.m2\repository\io\swagger\core\v3\swagger-annotations-jakarta\2.2.7\swagger-annotations-jakarta-2.2.7.jar;C:\Users\anilkumar.hugar\.m2\repository\io\swagger\core\v3\swagger-models-jakarta\2.2.7\swagger-models-jakarta-2.2.7.jar;C:\Users\anilkumar.hugar\.m2\repository\com\fasterxml\jackson\dataformat\jackson-dataformat-yaml\2.15.0\jackson-dataformat-yaml-2.15.0.jar;C:\Users\anilkumar.hugar\.m2\repository\org\webjars\swagger-ui\4.15.5\swagger-ui-4.15.5.jar;C:\Users\anilkumar.hugar\.m2\repository\org\webjars\webjars-locator-core\0.52\webjars-locator-core-0.52.jar;C:\Users\anilkumar.hugar\.m2\repository\io\github\classgraph\classgraph\4.8.149\classgraph-4.8.149.jar;C:\Users\anilkumar.hugar\.m2\repository\com\github\java-json-tools\json-patch\1.12\json-patch-1.12.jar;C:\Users\anilkumar.hugar\.m2\repository\com\google\guava\guava\28.2-android\guava-28.2-android.jar;C:\Users\anilkumar.hugar\.m2\repository\com\google\guava\failureaccess\1.0.1\failureaccess-1.0.1.jar;C:\Users\anilkumar.hugar\.m2\repository\com\google\guava\listenablefuture\9999.0-empty-to-avoid-conflict-with-guava\listenablefuture-9999.0-empty-to-avoid-conflict-with-guava.jar;C:\Users\anilkumar.hugar\.m2\repository\com\google\code\findbugs\jsr305\3.0.2\jsr305-3.0.2.jar;C:\Users\anilkumar.hugar\.m2\repository\org\checkerframework\checker-compat-qual\2.5.5\checker-compat-qual-2.5.5.jar;C:\Users\anilkumar.hugar\.m2\repository\com\google\errorprone\error_prone_annotations\2.3.4\error_prone_annotations-2.3.4.jar;C:\Users\anilkumar.hugar\.m2\repository\com\google\j2objc\j2objc-annotations\1.3\j2objc-annotations-1.3.jar;C:\Users\anilkumar.hugar\.m2\repository\com\github\java-json-tools\msg-simple\1.2\msg-simple-1.2.jar;C:\Users\anilkumar.hugar\.m2\repository\com\github\java-json-tools\btf\1.3\btf-1.3.jar;C:\Users\anilkumar.hugar\.m2\repository\com\github\java-json-tools\jackson-coreutils\1.12\jackson-coreutils-1.12.jar;C:\Users\anilkumar.hugar\.m2\repository\io\jsonwebtoken\jjwt\0.9.1\jjwt-0.9.1.jar;C:\Users\anilkumar.hugar\.m2\repository\io\jsonwebtoken\jjwt-impl\0.11.5\jjwt-impl-0.11.5.jar;C:\Users\anilkumar.hugar\.m2\repository\io\jsonwebtoken\jjwt-api\0.11.5\jjwt-api-0.11.5.jar;C:\Users\anilkumar.hugar\.m2\repository\io\jsonwebtoken\jjwt-jackson\0.11.5\jjwt-jackson-0.11.5.jar;C:\Users\anilkumar.hugar\.m2\repository\javax\xml\bind\jaxb-api\2.3.0\jaxb-api-2.3.0.jar;C:\Users\anilkumar.hugar\.m2\repository\com\fasterxml\jackson\core\jackson-databind\2.15.0\jackson-databind-2.15.0.jar;C:\Users\anilkumar.hugar\.m2\repository\com\fasterxml\jackson\core\jackson-annotations\2.15.0\jackson-annotations-2.15.0.jar;C:\Users\anilkumar.hugar\.m2\repository\com\fasterxml\jackson\core\jackson-core\2.15.0\jackson-core-2.15.0.jar;C:\Users\anilkumar.hugar\.m2\repository\jakarta\mail\jakarta.mail-api\2.1.1\jakarta.mail-api-2.1.1.jar;C:\Users\anilkumar.hugar\.m2\repository\jakarta\activation\jakarta.activation-api\2.1.2\jakarta.activation-api-2.1.2.jar;C:\Users\anilkumar.hugar\.m2\repository\com\h2database\h2\2.1.214\h2-2.1.214.jar;C:\Users\anilkumar.hugar\.m2\repository\org\apache\httpcomponents\httpclient\4.0\httpclient-4.0.jar;C:\Users\anilkumar.hugar\.m2\repository\org\apache\httpcomponents\httpcore\4.4.16\httpcore-4.4.16.jar;C:\Users\anilkumar.hugar\.m2\repository\commons-logging\commons-logging\1.1.1\commons-logging-1.1.1.jar;C:\Users\anilkumar.hugar\.m2\repository\commons-codec\commons-codec\1.15\commons-codec-1.15.jar;C:\Users\anilkumar.hugar\.m2\repository\com\google\code\gson\gson\2.10.1\gson-2.10.1.jar;C:\Users\anilkumar.hugar\.m2\repository\javax\json\javax.json-api\1.1.4\javax.json-api-1.1.4.jar;C:\Users\anilkumar.hugar\.m2\repository\org\glassfish\javax.json\1.1.4\javax.json-1.1.4.jar;C:\Users\anilkumar.hugar\.m2\repository\org\slf4j\slf4j-api\2.0.7\slf4j-api-2.0.7.jar;C:\Users\anilkumar.hugar\.m2\repository\org\json\json\20230618\json-20230618.jar;"/>
    <property name="sun.cpu.endian" value="little"/>
    <property name="user.home" value="C:\Users\anilkumar.hugar"/>
    <property name="user.language" value="en"/>
    <property name="java.specification.vendor" value="Oracle Corporation"/>
    <property name="java.version.date" value="2023-04-18"/>
    <property name="java.home" value="C:\Users\anilkumar.hugar\Downloads\sts-4.18.1.RELEASE\plugins\org.eclipse.justj.openjdk.hotspot.jre.full.win32.x86_64_17.0.7.v20230425-1502\jre"/>
    <property name="file.separator" value="\"/>
    <property name="style.color" value="always"/>
    <property name="basedir" value="D:\BackTrader\backTrader"/>
    <property name="java.vm.compressedOopsMode" value="Zero based"/>
    <property name="line.separator" value="&#10;"/>
    <property name="java.vm.specification.vendor" value="Oracle Corporation"/>
    <property name="java.specification.name" value="Java Platform API Specification"/>
    <property name="FILE_LOG_CHARSET" value="windows-1252"/>
    <property name="java.awt.headless" value="true"/>
    <property name="surefire.real.class.path" value="C:\Users\anilkumar.hugar\AppData\Local\Temp\surefire7567417272469911926\surefirebooter-20230802141354366_3.jar"/>
    <property name="user.script" value=""/>
    <property name="sun.management.compiler" value="HotSpot 64-Bit Tiered Compilers"/>
    <property name="java.runtime.version" value="17.0.7+7"/>
    <property name="user.name" value="anilkumar.hugar"/>
    <property name="path.separator" value=";"/>
    <property name="os.version" value="10.0"/>
    <property name="java.runtime.name" value="OpenJDK Runtime Environment"/>
    <property name="file.encoding" value="Cp1252"/>
    <property name="FILE_LOG_PATTERN" value="%d{yyyy-MM-dd HH:mm:ss.SSS} [%thread] %-5level %logger{36} - %msg%n"/>
    <property name="java.vm.name" value="OpenJDK 64-Bit Server VM"/>
    <property name="java.vendor.version" value="Temurin-17.0.7+7"/>
    <property name="LOG_FILE" value="appplication-logfiles.log"/>
    <property name="localRepository" value="C:\Users\anilkumar.hugar\.m2\repository"/>
    <property name="java.vendor.url.bug" value="https://github.com/adoptium/adoptium-support/issues"/>
    <property name="java.io.tmpdir" value="C:\Users\ANILKU~1.HUG\AppData\Local\Temp\"/>
    <property name="com.zaxxer.hikari.pool_number" value="1"/>
    <property name="java.version" value="17.0.7"/>
    <property name="user.dir" value="D:\BackTrader\backTrader"/>
    <property name="os.arch" value="amd64"/>
    <property name="java.vm.specification.name" value="Java Virtual Machine Specification"/>
    <property name="PID" value="21280"/>
    <property name="sun.os.patch.level" value=""/>
    <property name="CONSOLE_LOG_CHARSET" value="windows-1252"/>
    <property name="LOGBACK_ROLLINGPOLICY_MAX_HISTORY" value="0"/>
    <property name="native.encoding" value="Cp1252"/>
    <property name="java.library.path" value="C:\Users\anilkumar.hugar\Downloads\sts-4.18.1.RELEASE\plugins\org.eclipse.justj.openjdk.hotspot.jre.full.win32.x86_64_17.0.7.v20230425-1502\jre\bin;C:\Windows\Sun\Java\bin;C:\Windows\system32;C:\Windows;C:/Users/anilkumar.hugar/Downloads/sts-4.18.1.RELEASE//plugins/org.eclipse.justj.openjdk.hotspot.jre.full.win32.x86_64_17.0.7.v20230425-1502/jre/bin/server;C:/Users/anilkumar.hugar/Downloads/sts-4.18.1.RELEASE//plugins/org.eclipse.justj.openjdk.hotspot.jre.full.win32.x86_64_17.0.7.v20230425-1502/jre/bin;C:\Program Files\Eclipse Adoptium\jdk-17.0.8.7-hotspot\bin;C:\Program Files\Common Files\Oracle\Java\javapath;C:\ProgramData\Oracle\Java\javapath;C:\Windows\system32;C:\Windows;C:\Windows\System32\Wbem;C:\Windows\System32\WindowsPowerShell\v1.0\;C:\Windows\System32\OpenSSH\;C:\Program Files\TortoiseGit\bin;C:\Program Files\nodejs\;C:\apache-maven-3.9.2\bin;C:\Program Files\gradle-8.1.1\bin;;C:\Program Files\Docker\Docker\resources\bin;C:\Users\anilkumar.hugar\AppData\Local\Microsoft\WindowsApps;C:\Users\anilkumar.hugar\AppData\Local\Programs\Microsoft VS Code\bin;C:\Users\anilkumar.hugar\AppData\Roaming\npm;C:\Users\anilkumar.hugar\AppData\Local\Programs\Git\cmd;C:\Users\anilkumar.hugar\AppData\Local\GitHubDesktop\bin;C:\Program Files\JetBrains\IntelliJ IDEA\bin;;C:\Users\anilkumar.hugar\Downloads\sts-4.18.1.RELEASE;;."/>
    <property name="java.vm.info" value="mixed mode"/>
    <property name="java.vendor" value="Eclipse Adoptium"/>
    <property name="java.vm.version" value="17.0.7+7"/>
    <property name="sun.io.unicode.encoding" value="UnicodeLittle"/>
    <property name="java.class.version" value="61.0"/>
    <property name="LOGBACK_ROLLINGPOLICY_TOTAL_SIZE_CAP" value="10485760"/>
  </properties>
  <testcase name="contextLoads" classname="com.backtrader.BackTraderApplicationTests" time="0.029">
    <system-out><![CDATA[14:14:02.626 [main] INFO org.springframework.test.context.support.AnnotationConfigContextLoaderUtils -- Could not detect default configuration classes for test class [com.backtrader.BackTraderApplicationTests]: BackTraderApplicationTests does not declare any static, non-private, non-final, nested classes annotated with @Configuration.
14:14:03.060 [main] INFO org.springframework.boot.test.context.SpringBootTestContextBootstrapper -- Found @SpringBootConfiguration com.backtrader.Application for test class com.backtrader.BackTraderApplicationTests

  .   ____          _            __ _ _
 /\\ / ___'_ __ _ _(_)_ __  __ _ \ \ \ \
( ( )\___ | '_ | '_| | '_ \/ _` | \ \ \ \
 \\/  ___)| |_)| | | | | || (_| |  ) ) ) )
  '  |____| .__|_| |_|_| |_\__, | / / / /
 =========|_|==============|___/=/_/_/_/
 :: Spring Boot ::                (v3.1.0)

2023-08-02T14:14:04.978+05:30  INFO 21280 --- [           main] c.backtrader.BackTraderApplicationTests  : Starting BackTraderApplicationTests using Java 17.0.7 with PID 21280 (started by anilkumar.hugar in D:\BackTrader\backTrader)
2023-08-02T14:14:04.983+05:30  INFO 21280 --- [           main] c.backtrader.BackTraderApplicationTests  : No active profile set, falling back to 1 default profile: "default"
2023-08-02T14:14:10.476+05:30 DEBUG 21280 --- [           main] org.hibernate.type.BasicTypeRegistry     : Adding type registration boolean -> org.hibernate.type.BasicTypeReference@3caf87e6
2023-08-02T14:14:10.483+05:30 DEBUG 21280 --- [           main] org.hibernate.type.BasicTypeRegistry     : Adding type registration boolean -> org.hibernate.type.BasicTypeReference@3caf87e6
2023-08-02T14:14:10.484+05:30 DEBUG 21280 --- [           main] org.hibernate.type.BasicTypeRegistry     : Adding type registration java.lang.Boolean -> org.hibernate.type.BasicTypeReference@3caf87e6
2023-08-02T14:14:10.484+05:30 DEBUG 21280 --- [           main] org.hibernate.type.BasicTypeRegistry     : Adding type registration numeric_boolean -> org.hibernate.type.BasicTypeReference@1a7084ec
2023-08-02T14:14:10.485+05:30 DEBUG 21280 --- [           main] org.hibernate.type.BasicTypeRegistry     : Adding type registration org.hibernate.type.NumericBooleanConverter -> org.hibernate.type.BasicTypeReference@1a7084ec
2023-08-02T14:14:10.485+05:30 DEBUG 21280 --- [           main] org.hibernate.type.BasicTypeRegistry     : Adding type registration true_false -> org.hibernate.type.BasicTypeReference@6cdea0fe
2023-08-02T14:14:10.485+05:30 DEBUG 21280 --- [           main] org.hibernate.type.BasicTypeRegistry     : Adding type registration org.hibernate.type.TrueFalseConverter -> org.hibernate.type.BasicTypeReference@6cdea0fe
2023-08-02T14:14:10.486+05:30 DEBUG 21280 --- [           main] org.hibernate.type.BasicTypeRegistry     : Adding type registration yes_no -> org.hibernate.type.BasicTypeReference@20531934
2023-08-02T14:14:10.487+05:30 DEBUG 21280 --- [           main] org.hibernate.type.BasicTypeRegistry     : Adding type registration org.hibernate.type.YesNoConverter -> org.hibernate.type.BasicTypeReference@20531934
2023-08-02T14:14:10.487+05:30 DEBUG 21280 --- [           main] org.hibernate.type.BasicTypeRegistry     : Adding type registration byte -> org.hibernate.type.BasicTypeReference@2f75c3f3
2023-08-02T14:14:10.488+05:30 DEBUG 21280 --- [           main] org.hibernate.type.BasicTypeRegistry     : Adding type registration byte -> org.hibernate.type.BasicTypeReference@2f75c3f3
2023-08-02T14:14:10.489+05:30 DEBUG 21280 --- [           main] org.hibernate.type.BasicTypeRegistry     : Adding type registration java.lang.Byte -> org.hibernate.type.BasicTypeReference@2f75c3f3
2023-08-02T14:14:10.489+05:30 DEBUG 21280 --- [           main] org.hibernate.type.BasicTypeRegistry     : Adding type registration binary -> org.hibernate.type.BasicTypeReference@313c7515
2023-08-02T14:14:10.489+05:30 DEBUG 21280 --- [           main] org.hibernate.type.BasicTypeRegistry     : Adding type registration byte[] -> org.hibernate.type.BasicTypeReference@313c7515
2023-08-02T14:14:10.490+05:30 DEBUG 21280 --- [           main] org.hibernate.type.BasicTypeRegistry     : Adding type registration [B -> org.hibernate.type.BasicTypeReference@313c7515
2023-08-02T14:14:10.491+05:30 DEBUG 21280 --- [           main] org.hibernate.type.BasicTypeRegistry     : Adding type registration binary_wrapper -> org.hibernate.type.BasicTypeReference@287cfa9c
2023-08-02T14:14:10.492+05:30 DEBUG 21280 --- [           main] org.hibernate.type.BasicTypeRegistry     : Adding type registration wrapper-binary -> org.hibernate.type.BasicTypeReference@287cfa9c
2023-08-02T14:14:10.493+05:30 DEBUG 21280 --- [           main] org.hibernate.type.BasicTypeRegistry     : Adding type registration image -> org.hibernate.type.BasicTypeReference@4373a443
2023-08-02T14:14:10.493+05:30 DEBUG 21280 --- [           main] org.hibernate.type.BasicTypeRegistry     : Adding type registration blob -> org.hibernate.type.BasicTypeReference@c940eab
2023-08-02T14:14:10.493+05:30 DEBUG 21280 --- [           main] org.hibernate.type.BasicTypeRegistry     : Adding type registration java.sql.Blob -> org.hibernate.type.BasicTypeReference@c940eab
2023-08-02T14:14:10.493+05:30 DEBUG 21280 --- [           main] org.hibernate.type.BasicTypeRegistry     : Adding type registration materialized_blob -> org.hibernate.type.BasicTypeReference@6a4c9d1b
2023-08-02T14:14:10.494+05:30 DEBUG 21280 --- [           main] org.hibernate.type.BasicTypeRegistry     : Adding type registration materialized_blob_wrapper -> org.hibernate.type.BasicTypeReference@54ba4f78
2023-08-02T14:14:10.494+05:30 DEBUG 21280 --- [           main] org.hibernate.type.BasicTypeRegistry     : Adding type registration short -> org.hibernate.type.BasicTypeReference@ab5a810
2023-08-02T14:14:10.494+05:30 DEBUG 21280 --- [           main] org.hibernate.type.BasicTypeRegistry     : Adding type registration short -> org.hibernate.type.BasicTypeReference@ab5a810
2023-08-02T14:14:10.494+05:30 DEBUG 21280 --- [           main] org.hibernate.type.BasicTypeRegistry     : Adding type registration java.lang.Short -> org.hibernate.type.BasicTypeReference@ab5a810
2023-08-02T14:14:10.494+05:30 DEBUG 21280 --- [           main] org.hibernate.type.BasicTypeRegistry     : Adding type registration integer -> org.hibernate.type.BasicTypeReference@26781ebb
2023-08-02T14:14:10.495+05:30 DEBUG 21280 --- [           main] org.hibernate.type.BasicTypeRegistry     : Adding type registration int -> org.hibernate.type.BasicTypeReference@26781ebb
2023-08-02T14:14:10.495+05:30 DEBUG 21280 --- [           main] org.hibernate.type.BasicTypeRegistry     : Adding type registration java.lang.Integer -> org.hibernate.type.BasicTypeReference@26781ebb
2023-08-02T14:14:10.495+05:30 DEBUG 21280 --- [           main] org.hibernate.type.BasicTypeRegistry     : Adding type registration long -> org.hibernate.type.BasicTypeReference@2852fb2a
2023-08-02T14:14:10.495+05:30 DEBUG 21280 --- [           main] org.hibernate.type.BasicTypeRegistry     : Adding type registration long -> org.hibernate.type.BasicTypeReference@2852fb2a
2023-08-02T14:14:10.495+05:30 DEBUG 21280 --- [           main] org.hibernate.type.BasicTypeRegistry     : Adding type registration java.lang.Long -> org.hibernate.type.BasicTypeReference@2852fb2a
2023-08-02T14:14:10.496+05:30 DEBUG 21280 --- [           main] org.hibernate.type.BasicTypeRegistry     : Adding type registration float -> org.hibernate.type.BasicTypeReference@2e15a0d7
2023-08-02T14:14:10.496+05:30 DEBUG 21280 --- [           main] org.hibernate.type.BasicTypeRegistry     : Adding type registration float -> org.hibernate.type.BasicTypeReference@2e15a0d7
2023-08-02T14:14:10.497+05:30 DEBUG 21280 --- [           main] org.hibernate.type.BasicTypeRegistry     : Adding type registration java.lang.Float -> org.hibernate.type.BasicTypeReference@2e15a0d7
2023-08-02T14:14:10.502+05:30 DEBUG 21280 --- [           main] org.hibernate.type.BasicTypeRegistry     : Adding type registration double -> org.hibernate.type.BasicTypeReference@947782d
2023-08-02T14:14:10.502+05:30 DEBUG 21280 --- [           main] org.hibernate.type.BasicTypeRegistry     : Adding type registration double -> org.hibernate.type.BasicTypeReference@947782d
2023-08-02T14:14:10.503+05:30 DEBUG 21280 --- [           main] org.hibernate.type.BasicTypeRegistry     : Adding type registration java.lang.Double -> org.hibernate.type.BasicTypeReference@947782d
2023-08-02T14:14:10.503+05:30 DEBUG 21280 --- [           main] org.hibernate.type.BasicTypeRegistry     : Adding type registration big_integer -> org.hibernate.type.BasicTypeReference@6f2c2278
2023-08-02T14:14:10.504+05:30 DEBUG 21280 --- [           main] org.hibernate.type.BasicTypeRegistry     : Adding type registration java.math.BigInteger -> org.hibernate.type.BasicTypeReference@6f2c2278
2023-08-02T14:14:10.506+05:30 DEBUG 21280 --- [           main] org.hibernate.type.BasicTypeRegistry     : Adding type registration big_decimal -> org.hibernate.type.BasicTypeReference@50980f1c
2023-08-02T14:14:10.506+05:30 DEBUG 21280 --- [           main] org.hibernate.type.BasicTypeRegistry     : Adding type registration java.math.BigDecimal -> org.hibernate.type.BasicTypeReference@50980f1c
2023-08-02T14:14:10.506+05:30 DEBUG 21280 --- [           main] org.hibernate.type.BasicTypeRegistry     : Adding type registration character -> org.hibernate.type.BasicTypeReference@53080ec0
2023-08-02T14:14:10.506+05:30 DEBUG 21280 --- [           main] org.hibernate.type.BasicTypeRegistry     : Adding type registration char -> org.hibernate.type.BasicTypeReference@53080ec0
2023-08-02T14:14:10.507+05:30 DEBUG 21280 --- [           main] org.hibernate.type.BasicTypeRegistry     : Adding type registration java.lang.Character -> org.hibernate.type.BasicTypeReference@53080ec0
2023-08-02T14:14:10.507+05:30 DEBUG 21280 --- [           main] org.hibernate.type.BasicTypeRegistry     : Adding type registration character_nchar -> org.hibernate.type.BasicTypeReference@613c829c
2023-08-02T14:14:10.507+05:30 DEBUG 21280 --- [           main] org.hibernate.type.BasicTypeRegistry     : Adding type registration string -> org.hibernate.type.BasicTypeReference@6f0d5321
2023-08-02T14:14:10.507+05:30 DEBUG 21280 --- [           main] org.hibernate.type.BasicTypeRegistry     : Adding type registration java.lang.String -> org.hibernate.type.BasicTypeReference@6f0d5321
2023-08-02T14:14:10.508+05:30 DEBUG 21280 --- [           main] org.hibernate.type.BasicTypeRegistry     : Adding type registration nstring -> org.hibernate.type.BasicTypeReference@7f7d5133
2023-08-02T14:14:10.508+05:30 DEBUG 21280 --- [           main] org.hibernate.type.BasicTypeRegistry     : Adding type registration characters -> org.hibernate.type.BasicTypeReference@6c903e12
2023-08-02T14:14:10.508+05:30 DEBUG 21280 --- [           main] org.hibernate.type.BasicTypeRegistry     : Adding type registration char[] -> org.hibernate.type.BasicTypeReference@6c903e12
2023-08-02T14:14:10.509+05:30 DEBUG 21280 --- [           main] org.hibernate.type.BasicTypeRegistry     : Adding type registration [C -> org.hibernate.type.BasicTypeReference@6c903e12
2023-08-02T14:14:10.509+05:30 DEBUG 21280 --- [           main] org.hibernate.type.BasicTypeRegistry     : Adding type registration wrapper-characters -> org.hibernate.type.BasicTypeReference@693d797e
2023-08-02T14:14:10.509+05:30 DEBUG 21280 --- [           main] org.hibernate.type.BasicTypeRegistry     : Adding type registration text -> org.hibernate.type.BasicTypeReference@6cacab23
2023-08-02T14:14:10.510+05:30 DEBUG 21280 --- [           main] org.hibernate.type.BasicTypeRegistry     : Adding type registration ntext -> org.hibernate.type.BasicTypeReference@794d8b4c
2023-08-02T14:14:10.510+05:30 DEBUG 21280 --- [           main] org.hibernate.type.BasicTypeRegistry     : Adding type registration clob -> org.hibernate.type.BasicTypeReference@14c05ad9
2023-08-02T14:14:10.510+05:30 DEBUG 21280 --- [           main] org.hibernate.type.BasicTypeRegistry     : Adding type registration java.sql.Clob -> org.hibernate.type.BasicTypeReference@14c05ad9
2023-08-02T14:14:10.511+05:30 DEBUG 21280 --- [           main] org.hibernate.type.BasicTypeRegistry     : Adding type registration nclob -> org.hibernate.type.BasicTypeReference@163427b6
2023-08-02T14:14:10.511+05:30 DEBUG 21280 --- [           main] org.hibernate.type.BasicTypeRegistry     : Adding type registration java.sql.NClob -> org.hibernate.type.BasicTypeReference@163427b6
2023-08-02T14:14:10.511+05:30 DEBUG 21280 --- [           main] org.hibernate.type.BasicTypeRegistry     : Adding type registration materialized_clob -> org.hibernate.type.BasicTypeReference@1f4863e0
2023-08-02T14:14:10.512+05:30 DEBUG 21280 --- [           main] org.hibernate.type.BasicTypeRegistry     : Adding type registration materialized_clob_char_array -> org.hibernate.type.BasicTypeReference@aca8cae
2023-08-02T14:14:10.512+05:30 DEBUG 21280 --- [           main] org.hibernate.type.BasicTypeRegistry     : Adding type registration materialized_clob_character_array -> org.hibernate.type.BasicTypeReference@1cca09bc
2023-08-02T14:14:10.513+05:30 DEBUG 21280 --- [           main] org.hibernate.type.BasicTypeRegistry     : Adding type registration materialized_nclob -> org.hibernate.type.BasicTypeReference@2b749404
2023-08-02T14:14:10.513+05:30 DEBUG 21280 --- [           main] org.hibernate.type.BasicTypeRegistry     : Adding type registration materialized_nclob_character_array -> org.hibernate.type.BasicTypeReference@77ffb5e9
2023-08-02T14:14:10.514+05:30 DEBUG 21280 --- [           main] org.hibernate.type.BasicTypeRegistry     : Adding type registration materialized_nclob_char_array -> org.hibernate.type.BasicTypeReference@290ee844
2023-08-02T14:14:10.514+05:30 DEBUG 21280 --- [           main] org.hibernate.type.BasicTypeRegistry     : Adding type registration Duration -> org.hibernate.type.BasicTypeReference@65c58330
2023-08-02T14:14:10.514+05:30 DEBUG 21280 --- [           main] org.hibernate.type.BasicTypeRegistry     : Adding type registration java.time.Duration -> org.hibernate.type.BasicTypeReference@65c58330
2023-08-02T14:14:10.515+05:30 DEBUG 21280 --- [           main] org.hibernate.type.BasicTypeRegistry     : Adding type registration LocalDateTime -> org.hibernate.type.BasicTypeReference@6a1eef38
2023-08-02T14:14:10.515+05:30 DEBUG 21280 --- [           main] org.hibernate.type.BasicTypeRegistry     : Adding type registration java.time.LocalDateTime -> org.hibernate.type.BasicTypeReference@6a1eef38
2023-08-02T14:14:10.515+05:30 DEBUG 21280 --- [           main] org.hibernate.type.BasicTypeRegistry     : Adding type registration LocalDate -> org.hibernate.type.BasicTypeReference@60c44f6f
2023-08-02T14:14:10.516+05:30 DEBUG 21280 --- [           main] org.hibernate.type.BasicTypeRegistry     : Adding type registration java.time.LocalDate -> org.hibernate.type.BasicTypeReference@60c44f6f
2023-08-02T14:14:10.516+05:30 DEBUG 21280 --- [           main] org.hibernate.type.BasicTypeRegistry     : Adding type registration LocalTime -> org.hibernate.type.BasicTypeReference@3ed6d7fb
2023-08-02T14:14:10.517+05:30 DEBUG 21280 --- [           main] org.hibernate.type.BasicTypeRegistry     : Adding type registration java.time.LocalTime -> org.hibernate.type.BasicTypeReference@3ed6d7fb
2023-08-02T14:14:10.517+05:30 DEBUG 21280 --- [           main] org.hibernate.type.BasicTypeRegistry     : Adding type registration OffsetDateTime -> org.hibernate.type.BasicTypeReference@77431f12
2023-08-02T14:14:10.517+05:30 DEBUG 21280 --- [           main] org.hibernate.type.BasicTypeRegistry     : Adding type registration java.time.OffsetDateTime -> org.hibernate.type.BasicTypeReference@77431f12
2023-08-02T14:14:10.517+05:30 DEBUG 21280 --- [           main] org.hibernate.type.BasicTypeRegistry     : Adding type registration OffsetDateTimeWithTimezone -> org.hibernate.type.BasicTypeReference@6ab949ed
2023-08-02T14:14:10.518+05:30 DEBUG 21280 --- [           main] org.hibernate.type.BasicTypeRegistry     : Adding type registration OffsetDateTimeWithoutTimezone -> org.hibernate.type.BasicTypeReference@28c4cce2
2023-08-02T14:14:10.518+05:30 DEBUG 21280 --- [           main] org.hibernate.type.BasicTypeRegistry     : Adding type registration OffsetTime -> org.hibernate.type.BasicTypeReference@20a5bf0e
2023-08-02T14:14:10.519+05:30 DEBUG 21280 --- [           main] org.hibernate.type.BasicTypeRegistry     : Adding type registration java.time.OffsetTime -> org.hibernate.type.BasicTypeReference@20a5bf0e
2023-08-02T14:14:10.519+05:30 DEBUG 21280 --- [           main] org.hibernate.type.BasicTypeRegistry     : Adding type registration OffsetTimeUtc -> org.hibernate.type.BasicTypeReference@4ff19f87
2023-08-02T14:14:10.519+05:30 DEBUG 21280 --- [           main] org.hibernate.type.BasicTypeRegistry     : Adding type registration OffsetTimeWithTimezone -> org.hibernate.type.BasicTypeReference@6fa741b5
2023-08-02T14:14:10.519+05:30 DEBUG 21280 --- [           main] org.hibernate.type.BasicTypeRegistry     : Adding type registration OffsetTimeWithoutTimezone -> org.hibernate.type.BasicTypeReference@618a237f
2023-08-02T14:14:10.519+05:30 DEBUG 21280 --- [           main] org.hibernate.type.BasicTypeRegistry     : Adding type registration ZonedDateTime -> org.hibernate.type.BasicTypeReference@6c5abd8f
2023-08-02T14:14:10.520+05:30 DEBUG 21280 --- [           main] org.hibernate.type.BasicTypeRegistry     : Adding type registration java.time.ZonedDateTime -> org.hibernate.type.BasicTypeReference@6c5abd8f
2023-08-02T14:14:10.520+05:30 DEBUG 21280 --- [           main] org.hibernate.type.BasicTypeRegistry     : Adding type registration ZonedDateTimeWithTimezone -> org.hibernate.type.BasicTypeReference@2f940a24
2023-08-02T14:14:10.521+05:30 DEBUG 21280 --- [           main] org.hibernate.type.BasicTypeRegistry     : Adding type registration ZonedDateTimeWithoutTimezone -> org.hibernate.type.BasicTypeReference@7aeb4c8a
2023-08-02T14:14:10.522+05:30 DEBUG 21280 --- [           main] org.hibernate.type.BasicTypeRegistry     : Adding type registration date -> org.hibernate.type.BasicTypeReference@4a4a1973
2023-08-02T14:14:10.523+05:30 DEBUG 21280 --- [           main] org.hibernate.type.BasicTypeRegistry     : Adding type registration java.sql.Date -> org.hibernate.type.BasicTypeReference@4a4a1973
2023-08-02T14:14:10.524+05:30 DEBUG 21280 --- [           main] org.hibernate.type.BasicTypeRegistry     : Adding type registration time -> org.hibernate.type.BasicTypeReference@73c57370
2023-08-02T14:14:10.525+05:30 DEBUG 21280 --- [           main] org.hibernate.type.BasicTypeRegistry     : Adding type registration java.sql.Time -> org.hibernate.type.BasicTypeReference@73c57370
2023-08-02T14:14:10.526+05:30 DEBUG 21280 --- [           main] org.hibernate.type.BasicTypeRegistry     : Adding type registration timestamp -> org.hibernate.type.BasicTypeReference@7c8f8206
2023-08-02T14:14:10.526+05:30 DEBUG 21280 --- [           main] org.hibernate.type.BasicTypeRegistry     : Adding type registration java.sql.Timestamp -> org.hibernate.type.BasicTypeReference@7c8f8206
2023-08-02T14:14:10.526+05:30 DEBUG 21280 --- [           main] org.hibernate.type.BasicTypeRegistry     : Adding type registration java.util.Date -> org.hibernate.type.BasicTypeReference@7c8f8206
2023-08-02T14:14:10.527+05:30 DEBUG 21280 --- [           main] org.hibernate.type.BasicTypeRegistry     : Adding type registration calendar -> org.hibernate.type.BasicTypeReference@5ca01e01
2023-08-02T14:14:10.527+05:30 DEBUG 21280 --- [           main] org.hibernate.type.BasicTypeRegistry     : Adding type registration java.util.Calendar -> org.hibernate.type.BasicTypeReference@5ca01e01
2023-08-02T14:14:10.527+05:30 DEBUG 21280 --- [           main] org.hibernate.type.BasicTypeRegistry     : Adding type registration java.util.GregorianCalendar -> org.hibernate.type.BasicTypeReference@5ca01e01
2023-08-02T14:14:10.527+05:30 DEBUG 21280 --- [           main] org.hibernate.type.BasicTypeRegistry     : Adding type registration calendar_date -> org.hibernate.type.BasicTypeReference@46bb0567
2023-08-02T14:14:10.528+05:30 DEBUG 21280 --- [           main] org.hibernate.type.BasicTypeRegistry     : Adding type registration calendar_time -> org.hibernate.type.BasicTypeReference@1e3da033
2023-08-02T14:14:10.528+05:30 DEBUG 21280 --- [           main] org.hibernate.type.BasicTypeRegistry     : Adding type registration instant -> org.hibernate.type.BasicTypeReference@1ea29e40
2023-08-02T14:14:10.528+05:30 DEBUG 21280 --- [           main] org.hibernate.type.BasicTypeRegistry     : Adding type registration java.time.Instant -> org.hibernate.type.BasicTypeReference@1ea29e40
2023-08-02T14:14:10.528+05:30 DEBUG 21280 --- [           main] org.hibernate.type.BasicTypeRegistry     : Adding type registration uuid -> org.hibernate.type.BasicTypeReference@422ecb83
2023-08-02T14:14:10.529+05:30 DEBUG 21280 --- [           main] org.hibernate.type.BasicTypeRegistry     : Adding type registration java.util.UUID -> org.hibernate.type.BasicTypeReference@422ecb83
2023-08-02T14:14:10.529+05:30 DEBUG 21280 --- [           main] org.hibernate.type.BasicTypeRegistry     : Adding type registration pg-uuid -> org.hibernate.type.BasicTypeReference@422ecb83
2023-08-02T14:14:10.529+05:30 DEBUG 21280 --- [           main] org.hibernate.type.BasicTypeRegistry     : Adding type registration uuid-binary -> org.hibernate.type.BasicTypeReference@5c206e9c
2023-08-02T14:14:10.529+05:30 DEBUG 21280 --- [           main] org.hibernate.type.BasicTypeRegistry     : Adding type registration uuid-char -> org.hibernate.type.BasicTypeReference@2f6f7113
2023-08-02T14:14:10.529+05:30 DEBUG 21280 --- [           main] org.hibernate.type.BasicTypeRegistry     : Adding type registration class -> org.hibernate.type.BasicTypeReference@25b5aa20
2023-08-02T14:14:10.530+05:30 DEBUG 21280 --- [           main] org.hibernate.type.BasicTypeRegistry     : Adding type registration java.lang.Class -> org.hibernate.type.BasicTypeReference@25b5aa20
2023-08-02T14:14:10.530+05:30 DEBUG 21280 --- [           main] org.hibernate.type.BasicTypeRegistry     : Adding type registration currency -> org.hibernate.type.BasicTypeReference@11f30fc6
2023-08-02T14:14:10.530+05:30 DEBUG 21280 --- [           main] org.hibernate.type.BasicTypeRegistry     : Adding type registration Currency -> org.hibernate.type.BasicTypeReference@11f30fc6
2023-08-02T14:14:10.530+05:30 DEBUG 21280 --- [           main] org.hibernate.type.BasicTypeRegistry     : Adding type registration java.util.Currency -> org.hibernate.type.BasicTypeReference@11f30fc6
2023-08-02T14:14:10.531+05:30 DEBUG 21280 --- [           main] org.hibernate.type.BasicTypeRegistry     : Adding type registration locale -> org.hibernate.type.BasicTypeReference@4e78d7ea
2023-08-02T14:14:10.531+05:30 DEBUG 21280 --- [           main] org.hibernate.type.BasicTypeRegistry     : Adding type registration java.util.Locale -> org.hibernate.type.BasicTypeReference@4e78d7ea
2023-08-02T14:14:10.532+05:30 DEBUG 21280 --- [           main] org.hibernate.type.BasicTypeRegistry     : Adding type registration serializable -> org.hibernate.type.BasicTypeReference@1a4bc0df
2023-08-02T14:14:10.532+05:30 DEBUG 21280 --- [           main] org.hibernate.type.BasicTypeRegistry     : Adding type registration java.io.Serializable -> org.hibernate.type.BasicTypeReference@1a4bc0df
2023-08-02T14:14:10.532+05:30 DEBUG 21280 --- [           main] org.hibernate.type.BasicTypeRegistry     : Adding type registration timezone -> org.hibernate.type.BasicTypeReference@12278d1c
2023-08-02T14:14:10.533+05:30 DEBUG 21280 --- [           main] org.hibernate.type.BasicTypeRegistry     : Adding type registration java.util.TimeZone -> org.hibernate.type.BasicTypeReference@12278d1c
2023-08-02T14:14:10.533+05:30 DEBUG 21280 --- [           main] org.hibernate.type.BasicTypeRegistry     : Adding type registration ZoneOffset -> org.hibernate.type.BasicTypeReference@1b232da1
2023-08-02T14:14:10.533+05:30 DEBUG 21280 --- [           main] org.hibernate.type.BasicTypeRegistry     : Adding type registration java.time.ZoneOffset -> org.hibernate.type.BasicTypeReference@1b232da1
2023-08-02T14:14:10.534+05:30 DEBUG 21280 --- [           main] org.hibernate.type.BasicTypeRegistry     : Adding type registration url -> org.hibernate.type.BasicTypeReference@13ec6ea8
2023-08-02T14:14:10.534+05:30 DEBUG 21280 --- [           main] org.hibernate.type.BasicTypeRegistry     : Adding type registration java.net.URL -> org.hibernate.type.BasicTypeReference@13ec6ea8
2023-08-02T14:14:10.534+05:30 DEBUG 21280 --- [           main] org.hibernate.type.BasicTypeRegistry     : Adding type registration row_version -> org.hibernate.type.BasicTypeReference@57e51932
2023-08-02T14:14:10.549+05:30 DEBUG 21280 --- [           main] org.hibernate.type.BasicTypeRegistry     : Adding type registration object -> org.hibernate.type.JavaObjectType@681ae1ce
2023-08-02T14:14:10.549+05:30 DEBUG 21280 --- [           main] org.hibernate.type.BasicTypeRegistry     : Adding type registration java.lang.Object -> org.hibernate.type.JavaObjectType@681ae1ce
2023-08-02T14:14:10.569+05:30 DEBUG 21280 --- [           main] org.hibernate.type.BasicTypeRegistry     : Adding type registration null -> org.hibernate.type.NullType@36d56d5d
2023-08-02T14:14:10.569+05:30 DEBUG 21280 --- [           main] org.hibernate.type.BasicTypeRegistry     : Adding type registration imm_date -> org.hibernate.type.BasicTypeReference@3e549525
2023-08-02T14:14:10.570+05:30 DEBUG 21280 --- [           main] org.hibernate.type.BasicTypeRegistry     : Adding type registration imm_time -> org.hibernate.type.BasicTypeReference@2c143041
2023-08-02T14:14:10.570+05:30 DEBUG 21280 --- [           main] org.hibernate.type.BasicTypeRegistry     : Adding type registration imm_timestamp -> org.hibernate.type.BasicTypeReference@402c3dce
2023-08-02T14:14:10.570+05:30 DEBUG 21280 --- [           main] org.hibernate.type.BasicTypeRegistry     : Adding type registration imm_calendar -> org.hibernate.type.BasicTypeReference@5d0e1f13
2023-08-02T14:14:10.570+05:30 DEBUG 21280 --- [           main] org.hibernate.type.BasicTypeRegistry     : Adding type registration imm_calendar_date -> org.hibernate.type.BasicTypeReference@47e9542a
2023-08-02T14:14:10.571+05:30 DEBUG 21280 --- [           main] org.hibernate.type.BasicTypeRegistry     : Adding type registration imm_calendar_time -> org.hibernate.type.BasicTypeReference@4af2f2ae
2023-08-02T14:14:10.572+05:30 DEBUG 21280 --- [           main] org.hibernate.type.BasicTypeRegistry     : Adding type registration imm_binary -> org.hibernate.type.BasicTypeReference@6b916473
2023-08-02T14:14:10.573+05:30 DEBUG 21280 --- [           main] org.hibernate.type.BasicTypeRegistry     : Adding type registration imm_serializable -> org.hibernate.type.BasicTypeReference@464a1895
2023-08-02T14:14:11.816+05:30 DEBUG 21280 --- [           main] o.h.t.d.sql.spi.DdlTypeRegistry          : addDescriptor(6, org.hibernate.type.descriptor.sql.internal.CapacityDependentDdlType@7d51e3df) replaced previous registration(org.hibernate.type.descriptor.sql.internal.DdlTypeImpl@3ce3a01)
2023-08-02T14:14:11.823+05:30 DEBUG 21280 --- [           main] o.h.t.d.jdbc.spi.JdbcTypeRegistry        : addDescriptor(2004, BlobTypeDescriptor(BLOB_BINDING)) replaced previous registration(BlobTypeDescriptor(DEFAULT))
2023-08-02T14:14:11.824+05:30 DEBUG 21280 --- [           main] o.h.t.d.jdbc.spi.JdbcTypeRegistry        : addDescriptor(2005, ClobTypeDescriptor(CLOB_BINDING)) replaced previous registration(ClobTypeDescriptor(DEFAULT))
2023-08-02T14:14:11.852+05:30 DEBUG 21280 --- [           main] org.hibernate.type.BasicTypeRegistry     : Adding type registration JAVA_OBJECT -> org.hibernate.type.JavaObjectType@1006b95
2023-08-02T14:14:11.853+05:30 DEBUG 21280 --- [           main] org.hibernate.type.BasicTypeRegistry     : Adding type registration java.lang.Object -> org.hibernate.type.JavaObjectType@1006b95
2023-08-02T14:14:11.854+05:30 DEBUG 21280 --- [           main] org.hibernate.type.BasicTypeRegistry     : Type registration key [java.lang.Object] overrode previous entry : `org.hibernate.type.JavaObjectType@681ae1ce`
2023-08-02T14:14:11.856+05:30 DEBUG 21280 --- [           main] o.h.t.d.jdbc.spi.JdbcTypeRegistry        : addDescriptor(3100, NumericTypeDescriptor) replaced previous registration(IntervalSecondJdbcType)
2023-08-02T14:14:11.874+05:30 DEBUG 21280 --- [           main] org.hibernate.type.BasicTypeRegistry     : Adding type registration org.hibernate.type.OffsetDateTimeType -> basicType@1(java.time.OffsetDateTime,3003)
2023-08-02T14:14:11.874+05:30 DEBUG 21280 --- [           main] org.hibernate.type.BasicTypeRegistry     : Adding type registration OffsetDateTime -> basicType@1(java.time.OffsetDateTime,3003)
2023-08-02T14:14:11.875+05:30 DEBUG 21280 --- [           main] org.hibernate.type.BasicTypeRegistry     : Adding type registration java.time.OffsetDateTime -> basicType@1(java.time.OffsetDateTime,3003)
2023-08-02T14:14:11.875+05:30 DEBUG 21280 --- [           main] org.hibernate.type.BasicTypeRegistry     : Adding type registration org.hibernate.type.ZonedDateTimeType -> basicType@2(java.time.ZonedDateTime,3003)
2023-08-02T14:14:11.875+05:30 DEBUG 21280 --- [           main] org.hibernate.type.BasicTypeRegistry     : Adding type registration ZonedDateTime -> basicType@2(java.time.ZonedDateTime,3003)
2023-08-02T14:14:11.875+05:30 DEBUG 21280 --- [           main] org.hibernate.type.BasicTypeRegistry     : Adding type registration java.time.ZonedDateTime -> basicType@2(java.time.ZonedDateTime,3003)
2023-08-02T14:14:11.879+05:30 DEBUG 21280 --- [           main] org.hibernate.type.BasicTypeRegistry     : Adding type registration org.hibernate.type.OffsetTimeType -> basicType@3(java.time.OffsetTime,3007)
2023-08-02T14:14:11.879+05:30 DEBUG 21280 --- [           main] org.hibernate.type.BasicTypeRegistry     : Adding type registration OffsetTime -> basicType@3(java.time.OffsetTime,3007)
2023-08-02T14:14:11.879+05:30 DEBUG 21280 --- [           main] org.hibernate.type.BasicTypeRegistry     : Adding type registration java.time.OffsetTime -> basicType@3(java.time.OffsetTime,3007)
2023-08-02T14:14:11.882+05:30 DEBUG 21280 --- [           main] o.h.type.spi.TypeConfiguration$Scope     : Scoping TypeConfiguration [org.hibernate.type.spi.TypeConfiguration@4800c946] to MetadataBuildingContext [org.hibernate.boot.internal.MetadataBuildingContextRootImpl@36f35774]
2023-08-02T14:14:14.900+05:30 DEBUG 21280 --- [           main] o.h.type.spi.TypeConfiguration$Scope     : Scoping TypeConfiguration [org.hibernate.type.spi.TypeConfiguration@4800c946] to SessionFactoryImplementor [org.hibernate.internal.SessionFactoryImpl@682b48e9]
2023-08-02T14:14:14.983+05:30 DEBUG 21280 --- [           main] org.hibernate.SQL                        : 
    create table buy_stock (
        id serial not null,
        avg_price float(53) not null,
        date timestamp(6),
        price float(53) not null,
        quantity integer not null,
        symbol varchar(255),
        type varchar(255),
        user_id integer,
        primary key (id)
    )
Hibernate: 
    create table buy_stock (
        id serial not null,
        avg_price float(53) not null,
        date timestamp(6),
        price float(53) not null,
        quantity integer not null,
        symbol varchar(255),
        type varchar(255),
        user_id integer,
        primary key (id)
    )
2023-08-02T14:14:15.019+05:30 DEBUG 21280 --- [           main] org.hibernate.SQL                        : 
    create table forgot_password_token (
        id integer not null,
        token varchar(255),
        token_created_time bigint not null,
        users_id integer,
        primary key (id)
    )
Hibernate: 
    create table forgot_password_token (
        id integer not null,
        token varchar(255),
        token_created_time bigint not null,
        users_id integer,
        primary key (id)
    )
2023-08-02T14:14:15.022+05:30 DEBUG 21280 --- [           main] org.hibernate.SQL                        : 
    create table meta_data (
        id integer not null,
        information varchar(255),
        last_refreshed varchar(255),
        output_size varchar(255),
        symbol varchar(255),
        time_zone varchar(255),
        primary key (id)
    )
Hibernate: 
    create table meta_data (
        id integer not null,
        information varchar(255),
        last_refreshed varchar(255),
        output_size varchar(255),
        symbol varchar(255),
        time_zone varchar(255),
        primary key (id)
    )
2023-08-02T14:14:15.025+05:30 DEBUG 21280 --- [           main] org.hibernate.SQL                        : 
    create table orders (
        id serial not null,
        avg_price float(53) not null,
        quantity integer not null,
        status varchar(255),
        symbol varchar(255),
        time varchar(255),
        type varchar(255),
        user_id integer,
        primary key (id)
    )
Hibernate: 
    create table orders (
        id serial not null,
        avg_price float(53) not null,
        quantity integer not null,
        status varchar(255),
        symbol varchar(255),
        time varchar(255),
        type varchar(255),
        user_id integer,
        primary key (id)
    )
2023-08-02T14:14:15.028+05:30 DEBUG 21280 --- [           main] org.hibernate.SQL                        : 
    create table sell_stock (
        id serial not null,
        avg_price float(53) not null,
        date timestamp(6),
        price float(53) not null,
        quantity integer not null,
        symbol varchar(255),
        type varchar(255),
        user_id integer,
        primary key (id)
    )
Hibernate: 
    create table sell_stock (
        id serial not null,
        avg_price float(53) not null,
        date timestamp(6),
        price float(53) not null,
        quantity integer not null,
        symbol varchar(255),
        type varchar(255),
        user_id integer,
        primary key (id)
    )
2023-08-02T14:14:15.031+05:30 DEBUG 21280 --- [           main] org.hibernate.SQL                        : 
    create table stock (
        id integer not null,
        date timestamp(6),
        node jsonb,
        symbol varchar(255),
        userid_id integer,
        primary key (id)
    )
Hibernate: 
    create table stock (
        id integer not null,
        date timestamp(6),
        node jsonb,
        symbol varchar(255),
        userid_id integer,
        primary key (id)
    )
2023-08-02T14:14:15.037+05:30 DEBUG 21280 --- [           main] org.hibernate.SQL                        : 
    create table stock_data (
        id integer not null,
        adjusted_close varchar(255),
        close varchar(255),
        date varchar(255),
        high varchar(255),
        low varchar(255),
        open varchar(255),
        meta_data_id integer,
        primary key (id)
    )
Hibernate: 
    create table stock_data (
        id integer not null,
        adjusted_close varchar(255),
        close varchar(255),
        date varchar(255),
        high varchar(255),
        low varchar(255),
        open varchar(255),
        meta_data_id integer,
        primary key (id)
    )
2023-08-02T14:14:15.039+05:30 DEBUG 21280 --- [           main] org.hibernate.SQL                        : 
    create table stock_data_with_symbol (
        id integer not null,
        closed_price varchar(255),
        date varchar(255),
        high_price varchar(255),
        information varchar(255),
        low_price varchar(255),
        open_price varchar(255),
        symbol varchar(255),
        users_id integer,
        primary key (id)
    )
Hibernate: 
    create table stock_data_with_symbol (
        id integer not null,
        closed_price varchar(255),
        date varchar(255),
        high_price varchar(255),
        information varchar(255),
        low_price varchar(255),
        open_price varchar(255),
        symbol varchar(255),
        users_id integer,
        primary key (id)
    )
2023-08-02T14:14:15.041+05:30 DEBUG 21280 --- [           main] org.hibernate.SQL                        : 
    create table user_role (
        user_id integer not null,
        role_id integer not null
    )
Hibernate: 
    create table user_role (
        user_id integer not null,
        role_id integer not null
    )
2023-08-02T14:14:15.043+05:30 DEBUG 21280 --- [           main] org.hibernate.SQL                        : 
    create table userdetails (
        id integer not null,
        email varchar(50) not null,
        firstname varchar(20) not null,
        lastname varchar(20) not null,
        password varchar(255) not null,
        phone bigint,
        primary key (id)
    )
Hibernate: 
    create table userdetails (
        id integer not null,
        email varchar(50) not null,
        firstname varchar(20) not null,
        lastname varchar(20) not null,
        password varchar(255) not null,
        phone bigint,
        primary key (id)
    )
2023-08-02T14:14:15.045+05:30 DEBUG 21280 --- [           main] org.hibernate.SQL                        : 
    create table userroles (
        id integer not null,
        role varchar(255),
        primary key (id)
    )
Hibernate: 
    create table userroles (
        id integer not null,
        role varchar(255),
        primary key (id)
    )
2023-08-02T14:14:15.053+05:30 DEBUG 21280 --- [           main] org.hibernate.SQL                        : 
    create sequence forgot_password_token_seq start with 1 increment by 50
Hibernate: 
    create sequence forgot_password_token_seq start with 1 increment by 50
2023-08-02T14:14:15.055+05:30 DEBUG 21280 --- [           main] org.hibernate.SQL                        : 
    create sequence meta_data_seq start with 1 increment by 50
Hibernate: 
    create sequence meta_data_seq start with 1 increment by 50
2023-08-02T14:14:15.055+05:30 DEBUG 21280 --- [           main] org.hibernate.SQL                        : 
    create sequence stock_data_seq start with 1 increment by 50
Hibernate: 
    create sequence stock_data_seq start with 1 increment by 50
2023-08-02T14:14:15.056+05:30 DEBUG 21280 --- [           main] org.hibernate.SQL                        : 
    create sequence stock_data_with_symbol_seq start with 1 increment by 50
Hibernate: 
    create sequence stock_data_with_symbol_seq start with 1 increment by 50
2023-08-02T14:14:15.057+05:30 DEBUG 21280 --- [           main] org.hibernate.SQL                        : 
    create sequence stock_seq start with 1 increment by 50
Hibernate: 
    create sequence stock_seq start with 1 increment by 50
2023-08-02T14:14:15.058+05:30 DEBUG 21280 --- [           main] org.hibernate.SQL                        : 
    create sequence userdetails_seq start with 1 increment by 50
Hibernate: 
    create sequence userdetails_seq start with 1 increment by 50
2023-08-02T14:14:15.059+05:30 DEBUG 21280 --- [           main] org.hibernate.SQL                        : 
    create sequence userroles_seq start with 1 increment by 50
Hibernate: 
    create sequence userroles_seq start with 1 increment by 50
2023-08-02T14:14:15.060+05:30 DEBUG 21280 --- [           main] org.hibernate.SQL                        : 
    alter table if exists buy_stock 
       add constraint FKdxolf37vkv0hrrlifp3c0e8qm 
       foreign key (user_id) 
       references userdetails
Hibernate: 
    alter table if exists buy_stock 
       add constraint FKdxolf37vkv0hrrlifp3c0e8qm 
       foreign key (user_id) 
       references userdetails
2023-08-02T14:14:15.078+05:30 DEBUG 21280 --- [           main] org.hibernate.SQL                        : 
    alter table if exists forgot_password_token 
       add constraint FKb4ud5s7kro36t03g9us0nr3qr 
       foreign key (users_id) 
       references userdetails
Hibernate: 
    alter table if exists forgot_password_token 
       add constraint FKb4ud5s7kro36t03g9us0nr3qr 
       foreign key (users_id) 
       references userdetails
2023-08-02T14:14:15.081+05:30 DEBUG 21280 --- [           main] org.hibernate.SQL                        : 
    alter table if exists orders 
       add constraint FKgfe7alkitdhn5g6octqtrm3i4 
       foreign key (user_id) 
       references userdetails
Hibernate: 
    alter table if exists orders 
       add constraint FKgfe7alkitdhn5g6octqtrm3i4 
       foreign key (user_id) 
       references userdetails
2023-08-02T14:14:15.086+05:30 DEBUG 21280 --- [           main] org.hibernate.SQL                        : 
    alter table if exists sell_stock 
       add constraint FKrmhvydhx6odw23ms4h9l15ke3 
       foreign key (user_id) 
       references userdetails
Hibernate: 
    alter table if exists sell_stock 
       add constraint FKrmhvydhx6odw23ms4h9l15ke3 
       foreign key (user_id) 
       references userdetails
2023-08-02T14:14:15.089+05:30 DEBUG 21280 --- [           main] org.hibernate.SQL                        : 
    alter table if exists stock 
       add constraint FKgm43dduk5ryfsjokseup0e364 
       foreign key (userid_id) 
       references userdetails
Hibernate: 
    alter table if exists stock 
       add constraint FKgm43dduk5ryfsjokseup0e364 
       foreign key (userid_id) 
       references userdetails
2023-08-02T14:14:15.090+05:30 DEBUG 21280 --- [           main] org.hibernate.SQL                        : 
    alter table if exists stock_data 
       add constraint FKst2ui1fq9gsj3ecou2rf5hy8j 
       foreign key (meta_data_id) 
       references meta_data
Hibernate: 
    alter table if exists stock_data 
       add constraint FKst2ui1fq9gsj3ecou2rf5hy8j 
       foreign key (meta_data_id) 
       references meta_data
2023-08-02T14:14:15.097+05:30 DEBUG 21280 --- [           main] org.hibernate.SQL                        : 
    alter table if exists stock_data_with_symbol 
       add constraint FK29rr6l0xkpujkphlytflhci32 
       foreign key (users_id) 
       references userdetails
Hibernate: 
    alter table if exists stock_data_with_symbol 
       add constraint FK29rr6l0xkpujkphlytflhci32 
       foreign key (users_id) 
       references userdetails
2023-08-02T14:14:15.101+05:30 DEBUG 21280 --- [           main] org.hibernate.SQL                        : 
    alter table if exists user_role 
       add constraint FK988sx0pa8wmp3ku28dpjw8d5s 
       foreign key (role_id) 
       references userroles
Hibernate: 
    alter table if exists user_role 
       add constraint FK988sx0pa8wmp3ku28dpjw8d5s 
       foreign key (role_id) 
       references userroles
2023-08-02T14:14:15.106+05:30 DEBUG 21280 --- [           main] org.hibernate.SQL                        : 
    alter table if exists user_role 
       add constraint FKceeiiyfq5bb26lujv0htx7j1a 
       foreign key (user_id) 
       references userdetails
Hibernate: 
    alter table if exists user_role 
       add constraint FKceeiiyfq5bb26lujv0htx7j1a 
       foreign key (user_id) 
       references userdetails
2023-08-02T14:14:15.114+05:30 TRACE 21280 --- [           main] o.h.type.spi.TypeConfiguration$Scope     : Handling #sessionFactoryCreated from [org.hibernate.internal.SessionFactoryImpl@682b48e9] for TypeConfiguration
2023-08-02T14:14:16.326+05:30  INFO 21280 --- [           main] c.backtrader.emailconfig.EmailService    : mail sender bean started
2023-08-02T14:14:21.048+05:30  INFO 21280 --- [           main] c.backtrader.BackTraderApplicationTests  : Started BackTraderApplicationTests in 17.413 seconds (process running for 26.351)
]]></system-out>
  </testcase>
</testsuite>